Pig Stack Trace
---------------
ERROR 6007: Unable to check name hdfs://localhost:54310/tmp/temp459391244/tmp-1403226717

org.apache.pig.impl.logicalLayer.FrontendException: ERROR 1066: Unable to open iterator for alias X
	at org.apache.pig.PigServer.openIterator(PigServer.java:1019)
	at org.apache.pig.tools.grunt.GruntParser.processDump(GruntParser.java:747)
	at org.apache.pig.tools.pigscript.parser.PigScriptParser.parse(PigScriptParser.java:376)
	at org.apache.pig.tools.grunt.GruntParser.parseStopOnError(GruntParser.java:231)
	at org.apache.pig.tools.grunt.GruntParser.parseStopOnError(GruntParser.java:206)
	at org.apache.pig.tools.grunt.Grunt.run(Grunt.java:66)
	at org.apache.pig.Main.run(Main.java:564)
	at org.apache.pig.Main.main(Main.java:176)
	at sun.reflect.NativeMethodAccessorImpl.invoke0(Native Method)
	at sun.reflect.NativeMethodAccessorImpl.invoke(NativeMethodAccessorImpl.java:62)
	at sun.reflect.DelegatingMethodAccessorImpl.invoke(DelegatingMethodAccessorImpl.java:43)
	at java.lang.reflect.Method.invoke(Method.java:498)
	at org.apache.hadoop.util.RunJar.main(RunJar.java:212)
Caused by: org.apache.pig.PigException: ERROR 1002: Unable to store alias X
	at org.apache.pig.PigServer.storeEx(PigServer.java:1122)
	at org.apache.pig.PigServer.store(PigServer.java:1081)
	at org.apache.pig.PigServer.openIterator(PigServer.java:994)
	... 12 more
Caused by: org.apache.pig.backend.executionengine.ExecException: ERROR 0: org.apache.pig.backend.datastorage.DataStorageException: ERROR 6007: Unable to check name hdfs://localhost:54310/tmp/temp459391244/tmp-1403226717
	at org.apache.pig.backend.hadoop.executionengine.HExecutionEngine.launchPig(HExecutionEngine.java:314)
	at org.apache.pig.PigServer.launchPlan(PigServer.java:1474)
	at org.apache.pig.PigServer.executeCompiledLogicalPlan(PigServer.java:1459)
	at org.apache.pig.PigServer.storeEx(PigServer.java:1118)
	... 14 more
Caused by: org.apache.pig.backend.datastorage.DataStorageException: ERROR 6007: Unable to check name hdfs://localhost:54310/tmp/temp459391244/tmp-1403226717
	at org.apache.pig.backend.hadoop.datastorage.HDataStorage.isContainer(HDataStorage.java:207)
	at org.apache.pig.backend.hadoop.datastorage.HDataStorage.asElement(HDataStorage.java:128)
	at org.apache.pig.impl.io.FileLocalizer.delete(FileLocalizer.java:424)
	at org.apache.pig.backend.hadoop.executionengine.mapReduceLayer.MapReduceLauncher.launchPig(MapReduceLauncher.java:441)
	at org.apache.pig.backend.hadoop.executionengine.HExecutionEngine.launchPig(HExecutionEngine.java:308)
	... 17 more
Caused by: java.io.IOException: Filesystem closed
	at org.apache.hadoop.hdfs.DFSClient.checkOpen(DFSClient.java:730)
	at org.apache.hadoop.hdfs.DFSClient.getFileInfo(DFSClient.java:1783)
	at org.apache.hadoop.hdfs.DistributedFileSystem$17.doCall(DistributedFileSystem.java:1068)
	at org.apache.hadoop.hdfs.DistributedFileSystem$17.doCall(DistributedFileSystem.java:1064)
	at org.apache.hadoop.fs.FileSystemLinkResolver.resolve(FileSystemLinkResolver.java:81)
	at org.apache.hadoop.hdfs.DistributedFileSystem.getFileStatus(DistributedFileSystem.java:1064)
	at org.apache.hadoop.fs.FileSystem.exists(FileSystem.java:1398)
	at org.apache.pig.backend.hadoop.datastorage.HDataStorage.isContainer(HDataStorage.java:200)
	... 21 more
================================================================================
